<?xml version="1.0" encoding="UTF-8" ?>
<testsuite failures="1" time="1.937" errors="0" skipped="1" tests="4" name="TestSuite">
  <properties>
    <property name="java.runtime.name" value="Java(TM) SE Runtime Environment"/>
    <property name="sun.boot.library.path" value="/home/cscarioni/programs/jdk1.7.0_01/jre/lib/amd64"/>
    <property name="java.vm.version" value="21.1-b02"/>
    <property name="java.vm.vendor" value="Oracle Corporation"/>
    <property name="java.vendor.url" value="http://java.oracle.com/"/>
    <property name="path.separator" value=":"/>
    <property name="guice.disable.misplaced.annotation.check" value="true"/>
    <property name="java.vm.name" value="Java HotSpot(TM) 64-Bit Server VM"/>
    <property name="file.encoding.pkg" value="sun.io"/>
    <property name="user.country" value="GB"/>
    <property name="sun.java.launcher" value="SUN_STANDARD"/>
    <property name="sun.os.patch.level" value="unknown"/>
    <property name="java.vm.specification.name" value="Java Virtual Machine Specification"/>
    <property name="user.dir" value="/home/cscarioni/Downloads/record-persister"/>
    <property name="java.runtime.version" value="1.7.0_01-b08"/>
    <property name="java.awt.graphicsenv" value="sun.awt.X11GraphicsEnvironment"/>
    <property name="java.endorsed.dirs" value="/home/cscarioni/programs/jdk1.7.0_01/jre/lib/endorsed"/>
    <property name="os.arch" value="amd64"/>
    <property name="java.io.tmpdir" value="/tmp"/>
    <property name="line.separator" value="
"/>
    <property name="java.vm.specification.vendor" value="Oracle Corporation"/>
    <property name="os.name" value="Linux"/>
    <property name="classworlds.conf" value="/home/cscarioni/programs/apache-maven-3.0.4/bin/m2.conf"/>
    <property name="sun.jnu.encoding" value="UTF-8"/>
    <property name="java.library.path" value="/usr/java/packages/lib/amd64:/usr/lib64:/lib64:/lib:/usr/lib"/>
    <property name="java.specification.name" value="Java Platform API Specification"/>
    <property name="java.class.version" value="51.0"/>
    <property name="sun.management.compiler" value="HotSpot 64-Bit Tiered Compilers"/>
    <property name="os.version" value="3.2.0-24-generic"/>
    <property name="user.home" value="/home/cscarioni"/>
    <property name="user.timezone" value="Europe/London"/>
    <property name="java.awt.printerjob" value="sun.print.PSPrinterJob"/>
    <property name="file.encoding" value="UTF-8"/>
    <property name="java.specification.version" value="1.7"/>
    <property name="user.name" value="cscarioni"/>
    <property name="java.class.path" value="/home/cscarioni/programs/apache-maven-3.0.4/boot/plexus-classworlds-2.4.jar"/>
    <property name="java.vm.specification.version" value="1.7"/>
    <property name="sun.arch.data.model" value="64"/>
    <property name="java.home" value="/home/cscarioni/programs/jdk1.7.0_01/jre"/>
    <property name="sun.java.command" value="org.codehaus.plexus.classworlds.launcher.Launcher clean install"/>
    <property name="java.specification.vendor" value="Oracle Corporation"/>
    <property name="user.language" value="en"/>
    <property name="awt.toolkit" value="sun.awt.X11.XToolkit"/>
    <property name="java.vm.info" value="mixed mode"/>
    <property name="java.version" value="1.7.0_01"/>
    <property name="java.ext.dirs" value="/home/cscarioni/programs/jdk1.7.0_01/jre/lib/ext:/usr/java/packages/lib/ext"/>
    <property name="securerandom.source" value="file:/dev/./urandom"/>
    <property name="sun.boot.class.path" value="/home/cscarioni/programs/jdk1.7.0_01/jre/lib/resources.jar:/home/cscarioni/programs/jdk1.7.0_01/jre/lib/rt.jar:/home/cscarioni/programs/jdk1.7.0_01/jre/lib/sunrsasign.jar:/home/cscarioni/programs/jdk1.7.0_01/jre/lib/jsse.jar:/home/cscarioni/programs/jdk1.7.0_01/jre/lib/jce.jar:/home/cscarioni/programs/jdk1.7.0_01/jre/lib/charsets.jar:/home/cscarioni/programs/jdk1.7.0_01/jre/classes"/>
    <property name="java.vendor" value="Oracle Corporation"/>
    <property name="maven.home" value="/home/cscarioni/programs/apache-maven-3.0.4"/>
    <property name="file.separator" value="/"/>
    <property name="java.vendor.url.bug" value="http://bugreport.sun.com/bugreport/"/>
    <property name="sun.cpu.endian" value="little"/>
    <property name="sun.io.unicode.encoding" value="UnicodeLittle"/>
    <property name="sun.desktop" value="gnome"/>
    <property name="sun.cpu.isalist" value=""/>
  </properties>
  <testcase time="0" classname="com.paddypower.recordpersister.CassandraAppenderUTest" name="setup">
    <failure type="InvalidRequestException(why:Keyspace">InvalidRequestException(why:Keyspace DEMO does not exist)
	at org.apache.cassandra.thrift.Cassandra$set_keyspace_result.read(Cassandra.java:5350)
	at org.apache.cassandra.thrift.Cassandra$Client.recv_set_keyspace(Cassandra.java:481)
	at org.apache.cassandra.thrift.Cassandra$Client.set_keyspace(Cassandra.java:456)
	at com.paddypower.recordpersister.CassandraAppender.&lt;init&gt;(CassandraAppender.java:29)
	at com.paddypower.recordpersister.CassandraAppenderUTest.setup(CassandraAppenderUTest.java:49)
</failure>
  </testcase>
  <testcase time="0.001" classname="com.paddypower.recordpersister.CassandraAppenderUTest" name="shouldStoreSimpleRequest">
    <skipped/>
  </testcase>
  <testcase time="1.188" classname="com.paddypower.recordpersister.FileAppenderUTest" name="shouldStoreSimpleRequests"/>
  <testcase time="0.01" classname="com.paddypower.recordpersister.GenericPersisterUTest" name="shouldPersistAnyObject"/>
</testsuite>