<?xml version="1.0" encoding="UTF-8"?>
<!-- Generated by org.testng.reporters.JUnitReportReporter -->
<testsuite hostname="cscarioni-ubuntu-desktop" name="org.easytechs.recordpersister.appenders.MongoAppenderUTest" tests="1" failures="0" timestamp="27 May 2012 17:48:31 GMT" time="2.130" errors="0">
  <testcase name="shouldPersistSimpleObjects" time="2.130" classname="org.easytechs.recordpersister.appenders.MongoAppenderUTest"/>
</testsuite> <!-- org.easytechs.recordpersister.appenders.MongoAppenderUTest -->
