<?xml version="1.0" encoding="UTF-8"?>
<!-- Generated by org.testng.reporters.JUnitReportReporter -->
<testsuite hostname="cscarioni-ubuntu-desktop" name="org.easytechs.recordpersister.appenders.RedisAppenderUTest" tests="1" failures="0" timestamp="27 May 2012 17:48:41 GMT" time="3.162" errors="0">
  <testcase name="shouldPersistSimpleRequest" time="3.162" classname="org.easytechs.recordpersister.appenders.RedisAppenderUTest"/>
</testsuite> <!-- org.easytechs.recordpersister.appenders.RedisAppenderUTest -->
