<?xml version="1.0" encoding="UTF-8"?>
<!-- Generated by org.testng.reporters.JUnitReportReporter -->
<testsuite hostname="localhost" name="org.easytechs.recordpersister.QueuedPersisterDecoratorUTest" tests="1" failures="0" timestamp="31 May 2012 08:30:39 GMT" time="1.028" errors="0">
  <testcase name="shouldQueueRequests" time="1.028" classname="org.easytechs.recordpersister.QueuedPersisterDecoratorUTest"/>
</testsuite> <!-- org.easytechs.recordpersister.QueuedPersisterDecoratorUTest -->
