<?xml version="1.0" encoding="UTF-8"?>
<!-- Generated by org.testng.reporters.JUnitReportReporter -->
<testsuite hostname="cscarioni-ubuntu-desktop" name="org.easytechs.recordpersister.FileAppenderUTest" tests="1" failures="0" timestamp="26 May 2012 12:40:35 GMT" time="1.439" errors="0">
  <testcase name="shouldStoreSimpleRequests" time="1.439" classname="org.easytechs.recordpersister.FileAppenderUTest"/>
</testsuite> <!-- org.easytechs.recordpersister.FileAppenderUTest -->
