<?xml version="1.0" encoding="UTF-8"?>
<!-- Generated by org.testng.reporters.JUnitReportReporter -->
<testsuite hostname="cscarioni-ubuntu-desktop" name="org.easytechs.recordpersister.appenders.FileAppenderUTest" tests="1" failures="0" timestamp="27 May 2012 17:48:19 GMT" time="1.689" errors="0">
  <testcase name="shouldStoreSimpleRequests" time="1.689" classname="org.easytechs.recordpersister.appenders.FileAppenderUTest"/>
</testsuite> <!-- org.easytechs.recordpersister.appenders.FileAppenderUTest -->
