<?xml version="1.0" encoding="UTF-8"?>
<!-- Generated by org.testng.reporters.JUnitReportReporter -->
<testsuite hostname="cscarioni-ubuntu-desktop" name="org.easytechs.recordpersister.TestBeanRedisPersisterITest" tests="1" failures="0" timestamp="27 May 2012 18:37:53 GMT" time="0.041" errors="0">
  <testcase name="shouldPersistOneItem" time="0.041" classname="org.easytechs.recordpersister.TestBeanRedisPersisterITest"/>
</testsuite> <!-- org.easytechs.recordpersister.TestBeanRedisPersisterITest -->
