<?xml version="1.0" encoding="UTF-8"?>
<!-- Generated by org.testng.reporters.JUnitReportReporter -->
<testsuite hostname="Carlos-MacBook-Air.local" name="org.easytechs.recordpersister.appenders.RedisAppenderUTest" tests="10" failures="0" timestamp="1 Jun 2012 08:40:43 GMT" time="16.606" errors="0">
  <testcase name="shouldPersistSimpleRequest" time="1.482" classname="org.easytechs.recordpersister.appenders.RedisAppenderUTest"/>
  <testcase name="shouldPersistSimpleRequest" time="1.559" classname="org.easytechs.recordpersister.appenders.RedisAppenderUTest"/>
  <testcase name="shouldPersistSimpleRequest" time="1.317" classname="org.easytechs.recordpersister.appenders.RedisAppenderUTest"/>
  <testcase name="shouldPersistSimpleRequest" time="1.333" classname="org.easytechs.recordpersister.appenders.RedisAppenderUTest"/>
  <testcase name="shouldPersistSimpleRequest" time="1.333" classname="org.easytechs.recordpersister.appenders.RedisAppenderUTest"/>
  <testcase name="shouldPersistSimpleRequest" time="2.235" classname="org.easytechs.recordpersister.appenders.RedisAppenderUTest"/>
  <testcase name="shouldPersistSimpleRequest" time="2.036" classname="org.easytechs.recordpersister.appenders.RedisAppenderUTest"/>
  <testcase name="shouldPersistSimpleRequest" time="1.375" classname="org.easytechs.recordpersister.appenders.RedisAppenderUTest"/>
  <testcase name="shouldPersistSimpleRequest" time="2.055" classname="org.easytechs.recordpersister.appenders.RedisAppenderUTest"/>
  <testcase name="shouldPersistSimpleRequest" time="1.881" classname="org.easytechs.recordpersister.appenders.RedisAppenderUTest"/>
</testsuite> <!-- org.easytechs.recordpersister.appenders.RedisAppenderUTest -->
