<?xml version="1.0" encoding="UTF-8"?>
<!-- Generated by org.testng.reporters.JUnitReportReporter -->
<testsuite hostname="pc-it-ld1-0131" name="com.paddypower.recordpersister.GenericPersisterUTest" tests="1" failures="0" timestamp="25 May 2012 09:37:01 GMT" time="0.163" errors="0">
  <testcase name="shouldPersistAnyObject" time="0.163" classname="com.paddypower.recordpersister.GenericPersisterUTest"/>
</testsuite> <!-- com.paddypower.recordpersister.GenericPersisterUTest -->
