<?xml version="1.0" encoding="UTF-8"?>
<!-- Generated by org.testng.reporters.JUnitReportReporter -->
<testsuite hostname="cscarioni-ubuntu-desktop" name="org.easytechs.recordpersister.MongoAppenderUTest" tests="1" failures="0" timestamp="27 May 2012 16:55:06 GMT" time="1.812" errors="0">
  <testcase name="shouldPersistSimpleObjects" time="1.812" classname="org.easytechs.recordpersister.MongoAppenderUTest"/>
</testsuite> <!-- org.easytechs.recordpersister.MongoAppenderUTest -->
