<?xml version="1.0" encoding="UTF-8"?>
<!-- Generated by org.testng.reporters.JUnitReportReporter -->
<testsuite hostname="cscarioni-ubuntu-desktop" name="org.easytechs.recordpersister.RedisAppenderUTest" tests="1" failures="0" timestamp="26 May 2012 12:43:25 GMT" time="3.202" errors="0">
  <testcase name="shouldPersistSimpleRequest" time="3.202" classname="org.easytechs.recordpersister.RedisAppenderUTest"/>
</testsuite> <!-- org.easytechs.recordpersister.RedisAppenderUTest -->
