<?xml version="1.0" encoding="UTF-8"?>
<!-- Generated by org.testng.reporters.JUnitReportReporter -->
<testsuite hostname="cscarioni-ubuntu-desktop" name="org.easytechs.recordpersister.appenders.CouchDBAppenderUTest" tests="10" failures="0" timestamp="4 Jun 2012 19:09:44 GMT" time="11.118" errors="0">
  <testcase name="shouldPersistSimpleRequest" time="1.051" classname="org.easytechs.recordpersister.appenders.CouchDBAppenderUTest"/>
  <testcase name="shouldPersistSimpleRequest" time="1.043" classname="org.easytechs.recordpersister.appenders.CouchDBAppenderUTest"/>
  <testcase name="shouldPersistSimpleRequest" time="1.039" classname="org.easytechs.recordpersister.appenders.CouchDBAppenderUTest"/>
  <testcase name="shouldPersistSimpleRequest" time="1.295" classname="org.easytechs.recordpersister.appenders.CouchDBAppenderUTest"/>
  <testcase name="shouldPersistSimpleRequest" time="1.053" classname="org.easytechs.recordpersister.appenders.CouchDBAppenderUTest"/>
  <testcase name="shouldPersistSimpleRequest" time="1.194" classname="org.easytechs.recordpersister.appenders.CouchDBAppenderUTest"/>
  <testcase name="shouldPersistSimpleRequest" time="1.050" classname="org.easytechs.recordpersister.appenders.CouchDBAppenderUTest"/>
  <testcase name="shouldPersistSimpleRequest" time="1.051" classname="org.easytechs.recordpersister.appenders.CouchDBAppenderUTest"/>
  <testcase name="shouldPersistSimpleRequest" time="1.281" classname="org.easytechs.recordpersister.appenders.CouchDBAppenderUTest"/>
  <testcase name="shouldPersistSimpleRequest" time="1.061" classname="org.easytechs.recordpersister.appenders.CouchDBAppenderUTest"/>
</testsuite> <!-- org.easytechs.recordpersister.appenders.CouchDBAppenderUTest -->
