<?xml version="1.0" encoding="UTF-8"?>
<!-- Generated by org.testng.reporters.JUnitReportReporter -->
<testsuite hostname="cscarioni-ubuntu-desktop" name="org.easytechs.recordpersister.CassandraAppenderUTest" tests="1" failures="0" timestamp="26 May 2012 12:43:13 GMT" time="6.467" errors="0">
  <testcase name="shouldStoreSimpleRequest" time="6.467" classname="org.easytechs.recordpersister.CassandraAppenderUTest"/>
</testsuite> <!-- org.easytechs.recordpersister.CassandraAppenderUTest -->
