<?xml version="1.0" encoding="UTF-8"?>
<!-- Generated by org.testng.reporters.JUnitReportReporter -->
<testsuite hostname="Carlos-MacBook-Air.local" name="org.easytechs.recordpersister.appenders.AccumulatorAppenderUTest" tests="1" failures="0" timestamp="31 May 2012 22:43:41 GMT" time="0.291" errors="0">
  <testcase name="shouldAccumulateMessages" time="0.291" classname="org.easytechs.recordpersister.appenders.AccumulatorAppenderUTest"/>
</testsuite> <!-- org.easytechs.recordpersister.appenders.AccumulatorAppenderUTest -->
