<?xml version="1.0" encoding="UTF-8"?>
<!-- Generated by org.testng.reporters.JUnitReportReporter -->
<testsuite hostname="cscarioni-ubuntu-desktop" name="org.easytechs.recordpersister.TestBeanMongoPersisterITest" tests="1" failures="0" timestamp="27 May 2012 18:38:06 GMT" time="0.142" errors="0">
  <testcase name="shouldPersistOneItem" time="0.142" classname="org.easytechs.recordpersister.TestBeanMongoPersisterITest"/>
</testsuite> <!-- org.easytechs.recordpersister.TestBeanMongoPersisterITest -->
