<?xml version="1.0" encoding="UTF-8"?>
<!-- Generated by org.testng.reporters.JUnitReportReporter -->
<testsuite hostname="Carlos-MacBook-Air.local" name="org.easytechs.recordpersister.integration.spring.FileCsvPersistenceWithSpring" tests="1" failures="0" timestamp="1 Jun 2012 09:18:45 GMT" time="0.016" errors="0">
  <testcase name="shouldPersist" time="0.016" classname="org.easytechs.recordpersister.integration.spring.FileCsvPersistenceWithSpring"/>
</testsuite> <!-- org.easytechs.recordpersister.integration.spring.FileCsvPersistenceWithSpring -->
