<?xml version="1.0" encoding="UTF-8"?>
<!-- Generated by org.testng.reporters.JUnitReportReporter -->
<testsuite hostname="pc-it-ld1-0131" name="org.easytechs.recordpersister.FileAppenderUTest" tests="1" failures="0" timestamp="25 May 2012 16:31:05 GMT" time="0.690" errors="0">
  <testcase name="shouldStoreSimpleRequests" time="0.690" classname="org.easytechs.recordpersister.FileAppenderUTest"/>
</testsuite> <!-- org.easytechs.recordpersister.FileAppenderUTest -->
