<?xml version="1.0" encoding="UTF-8"?>
<!-- Generated by org.testng.reporters.JUnitReportReporter -->
<testsuite hostname="pc-it-ld1-0131" name="org.easytechs.recordpersister.CassandraAppenderUTest" tests="1" failures="0" timestamp="25 May 2012 16:30:32 GMT" time="1.160" errors="0">
  <testcase name="shouldStoreSimpleRequest" time="1.160" classname="org.easytechs.recordpersister.CassandraAppenderUTest"/>
</testsuite> <!-- org.easytechs.recordpersister.CassandraAppenderUTest -->
