<?xml version="1.0" encoding="UTF-8"?>
<!-- Generated by org.testng.reporters.JUnitReportReporter -->
<testsuite hostname="Carlos-MacBook-Air.local" name="org.easytechs.recordpersister.TestBeanMongoFullDocumentPersisterITest" tests="11" failures="0" timestamp="1 Jun 2012 08:42:48 GMT" time="7.093" errors="0">
  <testcase name="shouldPersistManyItems" time="0.781" classname="org.easytechs.recordpersister.TestBeanMongoFullDocumentPersisterITest"/>
  <testcase name="shouldPersistManyItems" time="0.579" classname="org.easytechs.recordpersister.TestBeanMongoFullDocumentPersisterITest"/>
  <testcase name="shouldPersistManyItems" time="0.635" classname="org.easytechs.recordpersister.TestBeanMongoFullDocumentPersisterITest"/>
  <testcase name="shouldPersistManyItems" time="0.604" classname="org.easytechs.recordpersister.TestBeanMongoFullDocumentPersisterITest"/>
  <testcase name="shouldPersistManyItems" time="0.603" classname="org.easytechs.recordpersister.TestBeanMongoFullDocumentPersisterITest"/>
  <testcase name="shouldPersistOneItem" time="0.005" classname="org.easytechs.recordpersister.TestBeanMongoFullDocumentPersisterITest"/>
  <testcase name="shouldPersistManyItems" time="0.584" classname="org.easytechs.recordpersister.TestBeanMongoFullDocumentPersisterITest"/>
  <testcase name="shouldPersistManyItems" time="0.698" classname="org.easytechs.recordpersister.TestBeanMongoFullDocumentPersisterITest"/>
  <testcase name="shouldPersistManyItems" time="0.629" classname="org.easytechs.recordpersister.TestBeanMongoFullDocumentPersisterITest"/>
  <testcase name="shouldPersistManyItems" time="1.310" classname="org.easytechs.recordpersister.TestBeanMongoFullDocumentPersisterITest"/>
  <testcase name="shouldPersistManyItems" time="0.665" classname="org.easytechs.recordpersister.TestBeanMongoFullDocumentPersisterITest"/>
</testsuite> <!-- org.easytechs.recordpersister.TestBeanMongoFullDocumentPersisterITest -->
