<?xml version="1.0" encoding="UTF-8"?>
<!-- Generated by org.testng.reporters.JUnitReportReporter -->
<testsuite hostname="cscarioni-ubuntu-desktop" name="com.paddypower.recordpersister.GenericPersisterUTest" tests="1" failures="0" timestamp="26 May 2012 10:54:06 GMT" time="0.022" errors="0">
  <testcase name="shouldPersistAnyObject" time="0.022" classname="com.paddypower.recordpersister.GenericPersisterUTest"/>
</testsuite> <!-- com.paddypower.recordpersister.GenericPersisterUTest -->
