<?xml version="1.0" encoding="UTF-8"?>
<!-- Generated by org.testng.reporters.JUnitReportReporter -->
<testsuite hostname="cscarioni-ubuntu-desktop" name="com.paddypower.recordpersister.FileAppenderUTest" tests="1" failures="0" timestamp="26 May 2012 10:54:06 GMT" time="1.205" errors="0">
  <testcase name="shouldStoreSimpleRequests" time="1.205" classname="com.paddypower.recordpersister.FileAppenderUTest"/>
</testsuite> <!-- com.paddypower.recordpersister.FileAppenderUTest -->
